<?xml version="1.0" encoding="UTF-8"?>
<testsuite xmlns:xsi="http://www.w3.org/2001/XMLSchema-instance" xsi:noNamespaceSchemaLocation="https://maven.apache.org/surefire/maven-surefire-plugin/xsd/surefire-test-report-3.0.xsd" version="3.0" name="annatations.TestoTest" time="0.126" tests="4" errors="0" skipped="0" failures="0">
  <properties>
    <property name="java.specification.version" value="17"/>
    <property name="sun.cpu.isalist" value="amd64"/>
    <property name="sun.jnu.encoding" value="Cp1252"/>
    <property name="java.class.path" value="E:\uber\eclipse_workspace\junit-5\target\test-classes;E:\uber\eclipse_workspace\junit-5\target\classes;C:\Users\bhaskerreddy\.m2\repository\org\junit\jupiter\junit-jupiter-engine\5.10.1\junit-jupiter-engine-5.10.1.jar;C:\Users\bhaskerreddy\.m2\repository\org\junit\platform\junit-platform-engine\1.10.1\junit-platform-engine-1.10.1.jar;C:\Users\bhaskerreddy\.m2\repository\org\opentest4j\opentest4j\1.3.0\opentest4j-1.3.0.jar;C:\Users\bhaskerreddy\.m2\repository\org\junit\platform\junit-platform-commons\1.10.1\junit-platform-commons-1.10.1.jar;C:\Users\bhaskerreddy\.m2\repository\org\junit\jupiter\junit-jupiter-api\5.10.1\junit-jupiter-api-5.10.1.jar;C:\Users\bhaskerreddy\.m2\repository\org\apiguardian\apiguardian-api\1.1.2\apiguardian-api-1.1.2.jar;C:\Users\bhaskerreddy\.m2\repository\org\apache\maven\plugins\maven-site-plugin\3.1\maven-site-plugin-3.1.jar;C:\Users\bhaskerreddy\.m2\repository\org\apache\maven\reporting\maven-reporting-exec\1.0.2\maven-reporting-exec-1.0.2.jar;C:\Users\bhaskerreddy\.m2\repository\org\apache\maven\reporting\maven-reporting-api\3.0\maven-reporting-api-3.0.jar;C:\Users\bhaskerreddy\.m2\repository\org\apache\maven\maven-artifact\3.0\maven-artifact-3.0.jar;C:\Users\bhaskerreddy\.m2\repository\org\apache\velocity\velocity\1.5\velocity-1.5.jar;C:\Users\bhaskerreddy\.m2\repository\oro\oro\2.0.8\oro-2.0.8.jar;C:\Users\bhaskerreddy\.m2\repository\velocity\velocity\1.5\velocity-1.5.jar;C:\Users\bhaskerreddy\.m2\repository\org\apache\maven\maven-core\3.0\maven-core-3.0.jar;C:\Users\bhaskerreddy\.m2\repository\org\apache\maven\maven-repository-metadata\3.0\maven-repository-metadata-3.0.jar;C:\Users\bhaskerreddy\.m2\repository\org\apache\maven\maven-model-builder\3.0\maven-model-builder-3.0.jar;C:\Users\bhaskerreddy\.m2\repository\org\apache\maven\maven-aether-provider\3.0\maven-aether-provider-3.0.jar;C:\Users\bhaskerreddy\.m2\repository\org\sonatype\aether\aether-impl\1.7\aether-impl-1.7.jar;C:\Users\bhaskerreddy\.m2\repository\org\sonatype\aether\aether-spi\1.7\aether-spi-1.7.jar;C:\Users\bhaskerreddy\.m2\repository\org\sonatype\aether\aether-api\1.7\aether-api-1.7.jar;C:\Users\bhaskerreddy\.m2\repository\org\sonatype\aether\aether-util\1.7\aether-util-1.7.jar;C:\Users\bhaskerreddy\.m2\repository\org\sonatype\sisu\sisu-inject-plexus\1.4.2\sisu-inject-plexus-1.4.2.jar;C:\Users\bhaskerreddy\.m2\repository\org\sonatype\sisu\sisu-inject-bean\1.4.2\sisu-inject-bean-1.4.2.jar;C:\Users\bhaskerreddy\.m2\repository\org\sonatype\sisu\sisu-guice\2.1.7\sisu-guice-2.1.7-noaop.jar;C:\Users\bhaskerreddy\.m2\repository\org\codehaus\plexus\plexus-interpolation\1.14\plexus-interpolation-1.14.jar;C:\Users\bhaskerreddy\.m2\repository\org\codehaus\plexus\plexus-classworlds\2.2.3\plexus-classworlds-2.2.3.jar;C:\Users\bhaskerreddy\.m2\repository\org\codehaus\plexus\plexus-component-annotations\1.5.5\plexus-component-annotations-1.5.5.jar;C:\Users\bhaskerreddy\.m2\repository\org\sonatype\plexus\plexus-sec-dispatcher\1.3\plexus-sec-dispatcher-1.3.jar;C:\Users\bhaskerreddy\.m2\repository\org\sonatype\plexus\plexus-cipher\1.4\plexus-cipher-1.4.jar;C:\Users\bhaskerreddy\.m2\repository\org\apache\maven\maven-model\3.0\maven-model-3.0.jar;C:\Users\bhaskerreddy\.m2\repository\org\apache\maven\maven-plugin-api\3.0\maven-plugin-api-3.0.jar;C:\Users\bhaskerreddy\.m2\repository\org\apache\maven\maven-settings\3.0\maven-settings-3.0.jar;C:\Users\bhaskerreddy\.m2\repository\org\apache\maven\maven-settings-builder\3.0\maven-settings-builder-3.0.jar;C:\Users\bhaskerreddy\.m2\repository\org\apache\maven\maven-archiver\2.4.2\maven-archiver-2.4.2.jar;C:\Users\bhaskerreddy\.m2\repository\org\apache\maven\doxia\doxia-sink-api\1.3\doxia-sink-api-1.3.jar;C:\Users\bhaskerreddy\.m2\repository\org\apache\maven\doxia\doxia-logging-api\1.3\doxia-logging-api-1.3.jar;C:\Users\bhaskerreddy\.m2\repository\org\codehaus\plexus\plexus-container-default\1.0-alpha-30\plexus-container-default-1.0-alpha-30.jar;C:\Users\bhaskerreddy\.m2\repository\junit\junit\3.8.1\junit-3.8.1.jar;C:\Users\bhaskerreddy\.m2\repository\org\apache\maven\doxia\doxia-core\1.3\doxia-core-1.3.jar;C:\Users\bhaskerreddy\.m2\repository\xerces\xercesImpl\2.9.1\xercesImpl-2.9.1.jar;C:\Users\bhaskerreddy\.m2\repository\xml-apis\xml-apis\1.3.04\xml-apis-1.3.04.jar;C:\Users\bhaskerreddy\.m2\repository\org\apache\httpcomponents\httpclient\4.0.2\httpclient-4.0.2.jar;C:\Users\bhaskerreddy\.m2\repository\commons-logging\commons-logging\1.1.1\commons-logging-1.1.1.jar;C:\Users\bhaskerreddy\.m2\repository\commons-codec\commons-codec\1.3\commons-codec-1.3.jar;C:\Users\bhaskerreddy\.m2\repository\org\apache\httpcomponents\httpcore\4.0.1\httpcore-4.0.1.jar;C:\Users\bhaskerreddy\.m2\repository\org\apache\maven\doxia\doxia-module-xhtml\1.3\doxia-module-xhtml-1.3.jar;C:\Users\bhaskerreddy\.m2\repository\org\apache\maven\doxia\doxia-module-apt\1.3\doxia-module-apt-1.3.jar;C:\Users\bhaskerreddy\.m2\repository\org\apache\maven\doxia\doxia-module-xdoc\1.3\doxia-module-xdoc-1.3.jar;C:\Users\bhaskerreddy\.m2\repository\org\apache\maven\doxia\doxia-module-fml\1.3\doxia-module-fml-1.3.jar;C:\Users\bhaskerreddy\.m2\repository\javax\servlet\servlet-api\2.5\servlet-api-2.5.jar;C:\Users\bhaskerreddy\.m2\repository\org\apache\maven\doxia\doxia-decoration-model\1.3\doxia-decoration-model-1.3.jar;C:\Users\bhaskerreddy\.m2\repository\org\apache\maven\doxia\doxia-site-renderer\1.3\doxia-site-renderer-1.3.jar;C:\Users\bhaskerreddy\.m2\repository\org\apache\velocity\velocity-tools\2.0\velocity-tools-2.0.jar;C:\Users\bhaskerreddy\.m2\repository\commons-beanutils\commons-beanutils\1.7.0\commons-beanutils-1.7.0.jar;C:\Users\bhaskerreddy\.m2\repository\commons-digester\commons-digester\1.8\commons-digester-1.8.jar;C:\Users\bhaskerreddy\.m2\repository\commons-chain\commons-chain\1.1\commons-chain-1.1.jar;C:\Users\bhaskerreddy\.m2\repository\commons-validator\commons-validator\1.3.1\commons-validator-1.3.1.jar;C:\Users\bhaskerreddy\.m2\repository\dom4j\dom4j\1.1\dom4j-1.1.jar;C:\Users\bhaskerreddy\.m2\repository\sslext\sslext\1.2-0\sslext-1.2-0.jar;C:\Users\bhaskerreddy\.m2\repository\org\apache\struts\struts-core\1.3.8\struts-core-1.3.8.jar;C:\Users\bhaskerreddy\.m2\repository\antlr\antlr\2.7.2\antlr-2.7.2.jar;C:\Users\bhaskerreddy\.m2\repository\org\apache\struts\struts-taglib\1.3.8\struts-taglib-1.3.8.jar;C:\Users\bhaskerreddy\.m2\repository\org\apache\struts\struts-tiles\1.3.8\struts-tiles-1.3.8.jar;C:\Users\bhaskerreddy\.m2\repository\commons-collections\commons-collections\3.2.1\commons-collections-3.2.1.jar;C:\Users\bhaskerreddy\.m2\repository\org\apache\maven\shared\maven-doxia-tools\1.4\maven-doxia-tools-1.4.jar;C:\Users\bhaskerreddy\.m2\repository\org\apache\maven\wagon\wagon-provider-api\1.0\wagon-provider-api-1.0.jar;C:\Users\bhaskerreddy\.m2\repository\org\codehaus\plexus\plexus-archiver\1.0\plexus-archiver-1.0.jar;C:\Users\bhaskerreddy\.m2\repository\org\codehaus\plexus\plexus-io\1.0\plexus-io-1.0.jar;C:\Users\bhaskerreddy\.m2\repository\org\codehaus\plexus\plexus-i18n\1.0-beta-7\plexus-i18n-1.0-beta-7.jar;C:\Users\bhaskerreddy\.m2\repository\org\codehaus\plexus\plexus-velocity\1.1.8\plexus-velocity-1.1.8.jar;C:\Users\bhaskerreddy\.m2\repository\org\codehaus\plexus\plexus-utils\1.5.10\plexus-utils-1.5.10.jar;C:\Users\bhaskerreddy\.m2\repository\org\mortbay\jetty\jetty\6.1.25\jetty-6.1.25.jar;C:\Users\bhaskerreddy\.m2\repository\org\mortbay\jetty\servlet-api\2.5-20081211\servlet-api-2.5-20081211.jar;C:\Users\bhaskerreddy\.m2\repository\org\mortbay\jetty\jetty-util\6.1.25\jetty-util-6.1.25.jar;C:\Users\bhaskerreddy\.m2\repository\commons-lang\commons-lang\2.5\commons-lang-2.5.jar;C:\Users\bhaskerreddy\.m2\repository\commons-io\commons-io\1.4\commons-io-1.4.jar;"/>
    <property name="java.vm.vendor" value="Oracle Corporation"/>
    <property name="sun.arch.data.model" value="64"/>
    <property name="user.variant" value=""/>
    <property name="java.vendor.url" value="https://java.oracle.com/"/>
    <property name="user.timezone" value="Asia/Calcutta"/>
    <property name="os.name" value="Windows 10"/>
    <property name="java.vm.specification.version" value="17"/>
    <property name="sun.java.launcher" value="SUN_STANDARD"/>
    <property name="user.country" value="IN"/>
    <property name="sun.boot.library.path" value="C:\Program Files\Java\jdk-17\bin"/>
    <property name="sun.java.command" value="C:\Users\bhaskerreddy\AppData\Local\Temp\surefire18168308471025304866\surefirebooter-20231107171017381_3.jar C:\Users\bhaskerreddy\AppData\Local\Temp\surefire18168308471025304866 2023-11-07T17-10-17_076-jvmRun1 surefire-20231107171017381_1tmp surefire_0-20231107171017381_2tmp"/>
    <property name="jdk.debug" value="release"/>
    <property name="surefire.test.class.path" value="E:\uber\eclipse_workspace\junit-5\target\test-classes;E:\uber\eclipse_workspace\junit-5\target\classes;C:\Users\bhaskerreddy\.m2\repository\org\junit\jupiter\junit-jupiter-engine\5.10.1\junit-jupiter-engine-5.10.1.jar;C:\Users\bhaskerreddy\.m2\repository\org\junit\platform\junit-platform-engine\1.10.1\junit-platform-engine-1.10.1.jar;C:\Users\bhaskerreddy\.m2\repository\org\opentest4j\opentest4j\1.3.0\opentest4j-1.3.0.jar;C:\Users\bhaskerreddy\.m2\repository\org\junit\platform\junit-platform-commons\1.10.1\junit-platform-commons-1.10.1.jar;C:\Users\bhaskerreddy\.m2\repository\org\junit\jupiter\junit-jupiter-api\5.10.1\junit-jupiter-api-5.10.1.jar;C:\Users\bhaskerreddy\.m2\repository\org\apiguardian\apiguardian-api\1.1.2\apiguardian-api-1.1.2.jar;C:\Users\bhaskerreddy\.m2\repository\org\apache\maven\plugins\maven-site-plugin\3.1\maven-site-plugin-3.1.jar;C:\Users\bhaskerreddy\.m2\repository\org\apache\maven\reporting\maven-reporting-exec\1.0.2\maven-reporting-exec-1.0.2.jar;C:\Users\bhaskerreddy\.m2\repository\org\apache\maven\reporting\maven-reporting-api\3.0\maven-reporting-api-3.0.jar;C:\Users\bhaskerreddy\.m2\repository\org\apache\maven\maven-artifact\3.0\maven-artifact-3.0.jar;C:\Users\bhaskerreddy\.m2\repository\org\apache\velocity\velocity\1.5\velocity-1.5.jar;C:\Users\bhaskerreddy\.m2\repository\oro\oro\2.0.8\oro-2.0.8.jar;C:\Users\bhaskerreddy\.m2\repository\velocity\velocity\1.5\velocity-1.5.jar;C:\Users\bhaskerreddy\.m2\repository\org\apache\maven\maven-core\3.0\maven-core-3.0.jar;C:\Users\bhaskerreddy\.m2\repository\org\apache\maven\maven-repository-metadata\3.0\maven-repository-metadata-3.0.jar;C:\Users\bhaskerreddy\.m2\repository\org\apache\maven\maven-model-builder\3.0\maven-model-builder-3.0.jar;C:\Users\bhaskerreddy\.m2\repository\org\apache\maven\maven-aether-provider\3.0\maven-aether-provider-3.0.jar;C:\Users\bhaskerreddy\.m2\repository\org\sonatype\aether\aether-impl\1.7\aether-impl-1.7.jar;C:\Users\bhaskerreddy\.m2\repository\org\sonatype\aether\aether-spi\1.7\aether-spi-1.7.jar;C:\Users\bhaskerreddy\.m2\repository\org\sonatype\aether\aether-api\1.7\aether-api-1.7.jar;C:\Users\bhaskerreddy\.m2\repository\org\sonatype\aether\aether-util\1.7\aether-util-1.7.jar;C:\Users\bhaskerreddy\.m2\repository\org\sonatype\sisu\sisu-inject-plexus\1.4.2\sisu-inject-plexus-1.4.2.jar;C:\Users\bhaskerreddy\.m2\repository\org\sonatype\sisu\sisu-inject-bean\1.4.2\sisu-inject-bean-1.4.2.jar;C:\Users\bhaskerreddy\.m2\repository\org\sonatype\sisu\sisu-guice\2.1.7\sisu-guice-2.1.7-noaop.jar;C:\Users\bhaskerreddy\.m2\repository\org\codehaus\plexus\plexus-interpolation\1.14\plexus-interpolation-1.14.jar;C:\Users\bhaskerreddy\.m2\repository\org\codehaus\plexus\plexus-classworlds\2.2.3\plexus-classworlds-2.2.3.jar;C:\Users\bhaskerreddy\.m2\repository\org\codehaus\plexus\plexus-component-annotations\1.5.5\plexus-component-annotations-1.5.5.jar;C:\Users\bhaskerreddy\.m2\repository\org\sonatype\plexus\plexus-sec-dispatcher\1.3\plexus-sec-dispatcher-1.3.jar;C:\Users\bhaskerreddy\.m2\repository\org\sonatype\plexus\plexus-cipher\1.4\plexus-cipher-1.4.jar;C:\Users\bhaskerreddy\.m2\repository\org\apache\maven\maven-model\3.0\maven-model-3.0.jar;C:\Users\bhaskerreddy\.m2\repository\org\apache\maven\maven-plugin-api\3.0\maven-plugin-api-3.0.jar;C:\Users\bhaskerreddy\.m2\repository\org\apache\maven\maven-settings\3.0\maven-settings-3.0.jar;C:\Users\bhaskerreddy\.m2\repository\org\apache\maven\maven-settings-builder\3.0\maven-settings-builder-3.0.jar;C:\Users\bhaskerreddy\.m2\repository\org\apache\maven\maven-archiver\2.4.2\maven-archiver-2.4.2.jar;C:\Users\bhaskerreddy\.m2\repository\org\apache\maven\doxia\doxia-sink-api\1.3\doxia-sink-api-1.3.jar;C:\Users\bhaskerreddy\.m2\repository\org\apache\maven\doxia\doxia-logging-api\1.3\doxia-logging-api-1.3.jar;C:\Users\bhaskerreddy\.m2\repository\org\codehaus\plexus\plexus-container-default\1.0-alpha-30\plexus-container-default-1.0-alpha-30.jar;C:\Users\bhaskerreddy\.m2\repository\junit\junit\3.8.1\junit-3.8.1.jar;C:\Users\bhaskerreddy\.m2\repository\org\apache\maven\doxia\doxia-core\1.3\doxia-core-1.3.jar;C:\Users\bhaskerreddy\.m2\repository\xerces\xercesImpl\2.9.1\xercesImpl-2.9.1.jar;C:\Users\bhaskerreddy\.m2\repository\xml-apis\xml-apis\1.3.04\xml-apis-1.3.04.jar;C:\Users\bhaskerreddy\.m2\repository\org\apache\httpcomponents\httpclient\4.0.2\httpclient-4.0.2.jar;C:\Users\bhaskerreddy\.m2\repository\commons-logging\commons-logging\1.1.1\commons-logging-1.1.1.jar;C:\Users\bhaskerreddy\.m2\repository\commons-codec\commons-codec\1.3\commons-codec-1.3.jar;C:\Users\bhaskerreddy\.m2\repository\org\apache\httpcomponents\httpcore\4.0.1\httpcore-4.0.1.jar;C:\Users\bhaskerreddy\.m2\repository\org\apache\maven\doxia\doxia-module-xhtml\1.3\doxia-module-xhtml-1.3.jar;C:\Users\bhaskerreddy\.m2\repository\org\apache\maven\doxia\doxia-module-apt\1.3\doxia-module-apt-1.3.jar;C:\Users\bhaskerreddy\.m2\repository\org\apache\maven\doxia\doxia-module-xdoc\1.3\doxia-module-xdoc-1.3.jar;C:\Users\bhaskerreddy\.m2\repository\org\apache\maven\doxia\doxia-module-fml\1.3\doxia-module-fml-1.3.jar;C:\Users\bhaskerreddy\.m2\repository\javax\servlet\servlet-api\2.5\servlet-api-2.5.jar;C:\Users\bhaskerreddy\.m2\repository\org\apache\maven\doxia\doxia-decoration-model\1.3\doxia-decoration-model-1.3.jar;C:\Users\bhaskerreddy\.m2\repository\org\apache\maven\doxia\doxia-site-renderer\1.3\doxia-site-renderer-1.3.jar;C:\Users\bhaskerreddy\.m2\repository\org\apache\velocity\velocity-tools\2.0\velocity-tools-2.0.jar;C:\Users\bhaskerreddy\.m2\repository\commons-beanutils\commons-beanutils\1.7.0\commons-beanutils-1.7.0.jar;C:\Users\bhaskerreddy\.m2\repository\commons-digester\commons-digester\1.8\commons-digester-1.8.jar;C:\Users\bhaskerreddy\.m2\repository\commons-chain\commons-chain\1.1\commons-chain-1.1.jar;C:\Users\bhaskerreddy\.m2\repository\commons-validator\commons-validator\1.3.1\commons-validator-1.3.1.jar;C:\Users\bhaskerreddy\.m2\repository\dom4j\dom4j\1.1\dom4j-1.1.jar;C:\Users\bhaskerreddy\.m2\repository\sslext\sslext\1.2-0\sslext-1.2-0.jar;C:\Users\bhaskerreddy\.m2\repository\org\apache\struts\struts-core\1.3.8\struts-core-1.3.8.jar;C:\Users\bhaskerreddy\.m2\repository\antlr\antlr\2.7.2\antlr-2.7.2.jar;C:\Users\bhaskerreddy\.m2\repository\org\apache\struts\struts-taglib\1.3.8\struts-taglib-1.3.8.jar;C:\Users\bhaskerreddy\.m2\repository\org\apache\struts\struts-tiles\1.3.8\struts-tiles-1.3.8.jar;C:\Users\bhaskerreddy\.m2\repository\commons-collections\commons-collections\3.2.1\commons-collections-3.2.1.jar;C:\Users\bhaskerreddy\.m2\repository\org\apache\maven\shared\maven-doxia-tools\1.4\maven-doxia-tools-1.4.jar;C:\Users\bhaskerreddy\.m2\repository\org\apache\maven\wagon\wagon-provider-api\1.0\wagon-provider-api-1.0.jar;C:\Users\bhaskerreddy\.m2\repository\org\codehaus\plexus\plexus-archiver\1.0\plexus-archiver-1.0.jar;C:\Users\bhaskerreddy\.m2\repository\org\codehaus\plexus\plexus-io\1.0\plexus-io-1.0.jar;C:\Users\bhaskerreddy\.m2\repository\org\codehaus\plexus\plexus-i18n\1.0-beta-7\plexus-i18n-1.0-beta-7.jar;C:\Users\bhaskerreddy\.m2\repository\org\codehaus\plexus\plexus-velocity\1.1.8\plexus-velocity-1.1.8.jar;C:\Users\bhaskerreddy\.m2\repository\org\codehaus\plexus\plexus-utils\1.5.10\plexus-utils-1.5.10.jar;C:\Users\bhaskerreddy\.m2\repository\org\mortbay\jetty\jetty\6.1.25\jetty-6.1.25.jar;C:\Users\bhaskerreddy\.m2\repository\org\mortbay\jetty\servlet-api\2.5-20081211\servlet-api-2.5-20081211.jar;C:\Users\bhaskerreddy\.m2\repository\org\mortbay\jetty\jetty-util\6.1.25\jetty-util-6.1.25.jar;C:\Users\bhaskerreddy\.m2\repository\commons-lang\commons-lang\2.5\commons-lang-2.5.jar;C:\Users\bhaskerreddy\.m2\repository\commons-io\commons-io\1.4\commons-io-1.4.jar;"/>
    <property name="sun.cpu.endian" value="little"/>
    <property name="user.home" value="C:\Users\bhaskerreddy"/>
    <property name="user.language" value="en"/>
    <property name="java.specification.vendor" value="Oracle Corporation"/>
    <property name="java.version.date" value="2023-04-18"/>
    <property name="java.home" value="C:\Program Files\Java\jdk-17"/>
    <property name="file.separator" value="\"/>
    <property name="basedir" value="E:\uber\eclipse_workspace\junit-5"/>
    <property name="java.vm.compressedOopsMode" value="32-bit"/>
    <property name="line.separator" value="&#10;"/>
    <property name="java.vm.specification.vendor" value="Oracle Corporation"/>
    <property name="java.specification.name" value="Java Platform API Specification"/>
    <property name="surefire.real.class.path" value="C:\Users\bhaskerreddy\AppData\Local\Temp\surefire18168308471025304866\surefirebooter-20231107171017381_3.jar"/>
    <property name="user.script" value=""/>
    <property name="sun.management.compiler" value="HotSpot 64-Bit Tiered Compilers"/>
    <property name="java.runtime.version" value="17.0.7+8-LTS-224"/>
    <property name="user.name" value="bhaskerreddy"/>
    <property name="path.separator" value=";"/>
    <property name="os.version" value="10.0"/>
    <property name="java.runtime.name" value="Java(TM) SE Runtime Environment"/>
    <property name="file.encoding" value="Cp1252"/>
    <property name="java.vm.name" value="Java HotSpot(TM) 64-Bit Server VM"/>
    <property name="localRepository" value="C:\Users\bhaskerreddy\.m2\repository"/>
    <property name="java.vendor.url.bug" value="https://bugreport.java.com/bugreport/"/>
    <property name="java.io.tmpdir" value="C:\Users\BHASKE~1\AppData\Local\Temp\"/>
    <property name="java.version" value="17.0.7"/>
    <property name="user.dir" value="E:\uber\eclipse_workspace\junit-5"/>
    <property name="os.arch" value="amd64"/>
    <property name="java.vm.specification.name" value="Java Virtual Machine Specification"/>
    <property name="sun.os.patch.level" value=""/>
    <property name="native.encoding" value="Cp1252"/>
    <property name="java.library.path" value="C:\Program Files\Java\jdk-17\bin;C:\WINDOWS\Sun\Java\bin;C:\WINDOWS\system32;C:\WINDOWS;C:\Program Files\Common Files\Oracle\Java\javapath;C:\Program Files\apache-maven-3.9.4-bin\apache-maven-3.9.4\bin;C:\Program Files\Java\jdk-17\bin;C:\Program Files\MySQL\MySQL Shell 8.0\bin\;C:\Users\bhaskerreddy\AppData\Local\Microsoft\WindowsApps;C:\Program Files\Java\jdk1.8.0_333\bin;C:\Program Files\Java\jdk-17\bin;;."/>
    <property name="java.vm.info" value="mixed mode, sharing"/>
    <property name="java.vendor" value="Oracle Corporation"/>
    <property name="java.vm.version" value="17.0.7+8-LTS-224"/>
    <property name="sun.io.unicode.encoding" value="UnicodeLittle"/>
    <property name="java.class.version" value="61.0"/>
  </properties>
  <testcase name="testAdd" classname="annatations.TestoTest" time="0.066"/>
  <testcase name="testSubtract" classname="annatations.TestoTest" time="0.003"/>
  <testcase name="testDivide" classname="annatations.TestoTest" time="0.003"/>
  <testcase name="testMultiply" classname="annatations.TestoTest" time="0.002"/>
</testsuite>